TN:
SF:src\errors\index.ts
FN:6,(anonymous_0)
FN:21,(anonymous_1)
FN:31,(anonymous_2)
FN:41,(anonymous_3)
FN:51,(anonymous_4)
FN:61,(anonymous_5)
FN:71,(anonymous_6)
FN:81,(anonymous_7)
FN:90,formatError
FNF:9
FNH:9
FNDA:48,(anonymous_0)
FNDA:1,(anonymous_1)
FNDA:4,(anonymous_2)
FNDA:3,(anonymous_3)
FNDA:1,(anonymous_4)
FNDA:2,(anonymous_5)
FNDA:3,(anonymous_6)
FNDA:32,(anonymous_7)
FNDA:5,formatError
DA:5,5
DA:8,48
DA:9,48
DA:11,48
DA:12,48
DA:13,48
DA:20,5
DA:22,1
DA:23,1
DA:30,5
DA:32,4
DA:33,4
DA:40,5
DA:42,3
DA:43,3
DA:50,5
DA:52,1
DA:53,1
DA:60,5
DA:62,2
DA:63,2
DA:70,5
DA:72,3
DA:73,3
DA:80,5
DA:82,32
DA:83,32
DA:90,5
DA:91,5
DA:92,4
DA:94,4
DA:95,4
DA:99,4
DA:100,1
DA:105,3
DA:106,1
DA:110,2
DA:111,1
DA:117,4
DA:120,1
LF:40
LH:40
BRDA:91,0,0,4
BRDA:94,1,0,4
BRDA:99,2,0,1
BRDA:99,2,1,3
BRDA:105,3,0,1
BRDA:105,3,1,2
BRDA:110,4,0,1
BRF:7
BRH:7
end_of_record
TN:
SF:src\generators\server.ts
FN:11,(anonymous_1)
FN:19,(anonymous_2)
FN:29,(anonymous_3)
FN:35,(anonymous_4)
FN:44,(anonymous_5)
FN:46,(anonymous_6)
FN:51,(anonymous_7)
FN:59,(anonymous_8)
FN:61,(anonymous_9)
FN:65,(anonymous_10)
FN:69,(anonymous_11)
FN:112,(anonymous_12)
FN:113,(anonymous_13)
FN:116,(anonymous_14)
FN:122,(anonymous_15)
FN:131,(anonymous_16)
FN:141,(anonymous_17)
FN:145,(anonymous_18)
FN:158,(anonymous_19)
FN:167,(anonymous_20)
FN:180,createMockServer
FNF:21
FNH:11
FNDA:1,(anonymous_1)
FNDA:1,(anonymous_2)
FNDA:1,(anonymous_3)
FNDA:1,(anonymous_4)
FNDA:1,(anonymous_5)
FNDA:2,(anonymous_6)
FNDA:0,(anonymous_7)
FNDA:2,(anonymous_8)
FNDA:1,(anonymous_9)
FNDA:0,(anonymous_10)
FNDA:0,(anonymous_11)
FNDA:0,(anonymous_12)
FNDA:0,(anonymous_13)
FNDA:0,(anonymous_14)
FNDA:0,(anonymous_15)
FNDA:0,(anonymous_16)
FNDA:1,(anonymous_17)
FNDA:1,(anonymous_18)
FNDA:1,(anonymous_19)
FNDA:0,(anonymous_20)
FNDA:0,createMockServer
DA:1,1
DA:2,1
DA:4,1
DA:6,1
DA:12,1
DA:13,1
DA:14,1
DA:15,1
DA:16,1
DA:21,1
DA:22,1
DA:26,1
DA:29,1
DA:30,1
DA:31,1
DA:36,1
DA:37,1
DA:39,1
DA:40,1
DA:46,1
DA:47,2
DA:51,1
DA:52,0
DA:60,2
DA:61,2
DA:62,1
DA:64,1
DA:65,0
DA:69,1
DA:70,0
DA:74,1
DA:76,1
DA:77,1
DA:78,0
DA:80,0
DA:83,0
DA:86,0
DA:91,2
DA:93,1
DA:94,1
DA:96,1
DA:97,1
DA:99,0
DA:100,0
DA:102,0
DA:103,0
DA:105,0
DA:106,0
DA:108,0
DA:113,0
DA:114,0
DA:116,0
DA:117,0
DA:120,0
DA:121,0
DA:122,0
DA:123,0
DA:125,0
DA:128,0
DA:131,0
DA:132,0
DA:133,0
DA:135,0
DA:142,1
DA:146,1
DA:147,1
DA:158,1
DA:167,0
DA:176,1
DA:180,1
DA:181,0
LF:71
LH:41
BRDA:21,0,0,1
BRDA:36,1,0,1
BRDA:36,1,1,0
BRDA:39,2,0,1
BRDA:60,3,0,2
BRDA:60,4,0,2
BRDA:60,5,0,2
BRDA:64,6,0,0
BRDA:74,7,0,1
BRDA:74,7,1,0
BRDA:78,8,0,0
BRDA:78,8,1,0
BRDA:78,9,0,0
BRDA:78,9,1,0
BRDA:91,10,0,1
BRDA:91,10,1,1
BRDA:91,10,2,0
BRDA:91,10,3,0
BRDA:91,10,4,0
BRDA:91,10,5,0
BRDA:114,11,0,0
BRDA:114,11,1,0
BRDA:120,12,0,0
BRDA:132,13,0,0
BRDA:132,13,1,0
BRDA:145,14,0,0
BRDA:146,15,0,1
BRDA:146,15,1,0
BRF:28
BRH:10
end_of_record
TN:
SF:src\parsers\schema.ts
FN:11,(anonymous_0)
FN:35,(anonymous_1)
FN:74,(anonymous_2)
FN:110,(anonymous_3)
FN:156,(anonymous_4)
FN:187,(anonymous_5)
FN:191,(anonymous_6)
FN:218,(anonymous_7)
FNF:8
FNH:8
FNDA:229,(anonymous_0)
FNDA:2,(anonymous_1)
FNDA:7,(anonymous_2)
FNDA:100,(anonymous_3)
FNDA:29,(anonymous_4)
FNDA:6,(anonymous_5)
FNDA:4,(anonymous_6)
FNDA:52,(anonymous_7)
DA:2,3
DA:4,3
DA:12,229
DA:13,3
DA:16,226
DA:19,226
DA:20,7
DA:24,219
DA:25,1
DA:26,1
DA:29,218
DA:30,1
DA:31,1
DA:34,217
DA:35,1
DA:36,2
DA:37,2
DA:44,216
DA:46,100
DA:49,29
DA:51,6
DA:53,4
DA:55,52
DA:57,5
DA:59,20
DA:61,20
DA:62,20
DA:64,0
DA:76,7
DA:77,1
DA:78,1
DA:82,6
DA:83,1
DA:84,1
DA:88,5
DA:89,5
DA:92,5
DA:93,10
DA:94,9
DA:96,1
DA:104,4
DA:107,4
DA:111,100
DA:112,1
DA:115,99
DA:116,8
DA:118,1
DA:120,2
DA:122,0
DA:124,0
DA:126,0
DA:128,1
DA:130,4
DA:134,91
DA:136,0
DA:137,0
DA:142,91
DA:143,91
DA:144,91
DA:146,91
DA:147,91
DA:149,91
DA:150,482
DA:153,91
DA:157,29
DA:158,29
DA:161,29
DA:162,1
DA:163,1
DA:164,0
DA:165,0
DA:169,29
DA:170,1
DA:171,1
DA:172,0
DA:173,0
DA:178,29
DA:179,1
DA:180,1
DA:181,1
DA:184,28
DA:188,6
DA:192,4
DA:193,4
DA:194,4
DA:196,4
DA:197,0
DA:200,4
DA:201,4
DA:203,4
DA:205,1
DA:206,3
DA:210,3
DA:211,13
DA:215,4
DA:219,52
DA:220,0
DA:223,52
DA:224,52
DA:225,52
DA:228,52
DA:230,144
DA:231,104
DA:236,51
DA:237,0
DA:241,0
DA:242,0
DA:243,0
DA:244,0
DA:251,51
LF:110
LH:93
BRDA:11,0,0,81
BRDA:12,1,0,3
BRDA:16,2,0,226
BRDA:16,2,1,78
BRDA:19,3,0,7
BRDA:24,4,0,1
BRDA:24,5,0,219
BRDA:24,5,1,1
BRDA:29,6,0,1
BRDA:29,7,0,218
BRDA:29,7,1,1
BRDA:34,8,0,1
BRDA:34,9,0,217
BRDA:34,9,1,1
BRDA:37,10,0,2
BRDA:37,10,1,0
BRDA:37,11,0,2
BRDA:37,11,1,2
BRDA:44,12,0,100
BRDA:44,12,1,28
BRDA:44,12,2,29
BRDA:44,12,3,6
BRDA:44,12,4,4
BRDA:44,12,5,52
BRDA:44,12,6,5
BRDA:44,12,7,20
BRDA:59,13,0,20
BRDA:76,14,0,1
BRDA:82,15,0,1
BRDA:93,16,0,9
BRDA:93,16,1,1
BRDA:93,17,0,10
BRDA:93,17,1,10
BRDA:93,17,2,10
BRDA:111,18,0,1
BRDA:115,19,0,8
BRDA:116,20,0,1
BRDA:116,20,1,2
BRDA:116,20,2,0
BRDA:116,20,3,0
BRDA:116,20,4,0
BRDA:116,20,5,1
BRDA:116,20,6,4
BRDA:134,21,0,0
BRDA:136,22,0,0
BRDA:142,23,0,91
BRDA:142,23,1,90
BRDA:143,24,0,91
BRDA:143,24,1,90
BRDA:157,25,0,4
BRDA:157,25,1,25
BRDA:158,26,0,4
BRDA:158,26,1,25
BRDA:161,27,0,1
BRDA:162,28,0,1
BRDA:162,28,1,0
BRDA:162,29,0,1
BRDA:162,29,1,1
BRDA:164,30,0,0
BRDA:169,31,0,1
BRDA:170,32,0,1
BRDA:170,32,1,0
BRDA:170,33,0,1
BRDA:170,33,1,1
BRDA:172,34,0,0
BRDA:178,35,0,1
BRDA:191,36,0,0
BRDA:192,37,0,4
BRDA:192,37,1,1
BRDA:193,38,0,4
BRDA:193,38,1,1
BRDA:196,39,0,0
BRDA:201,40,0,4
BRDA:201,40,1,0
BRDA:203,41,0,1
BRDA:203,41,1,3
BRDA:218,42,0,0
BRDA:219,43,0,0
BRDA:224,44,0,52
BRDA:224,44,1,2
BRDA:225,45,0,52
BRDA:225,45,1,0
BRDA:230,46,0,104
BRDA:230,47,0,144
BRDA:230,47,1,74
BRDA:236,48,0,0
BRDA:237,49,0,0
BRDA:237,49,1,0
BRDA:243,50,0,0
BRDA:244,51,0,0
BRDA:244,51,1,0
BRF:91
BRH:69
end_of_record
TN:
SF:src\utils\validation.ts
FN:12,validatePort
FN:38,validateFilePath
FN:81,validateFileExists
FN:90,validateSchema
FN:120,validateLogLevel
FN:137,sanitizeString
FN:158,validateProjectName
FNF:7
FNH:7
FNDA:10,validatePort
FNDA:6,validateFilePath
FNDA:2,validateFileExists
FNDA:8,validateSchema
FNDA:7,validateLogLevel
FNDA:21,sanitizeString
FNDA:12,validateProjectName
DA:5,1
DA:6,1
DA:7,1
DA:12,1
DA:13,10
DA:15,10
DA:16,2
DA:19,8
DA:20,4
DA:28,4
DA:29,0
DA:32,4
DA:38,1
DA:39,6
DA:40,2
DA:44,4
DA:45,1
DA:49,3
DA:54,3
DA:55,1
DA:56,1
DA:57,1
DA:66,2
DA:67,2
DA:69,2
DA:70,6
DA:71,0
DA:75,2
DA:81,1
DA:82,2
DA:83,1
DA:90,1
DA:91,8
DA:92,3
DA:96,5
DA:97,0
DA:101,5
DA:102,3
DA:103,3
DA:105,3
DA:106,5
DA:107,1
DA:120,1
DA:121,7
DA:123,7
DA:124,3
DA:131,4
DA:137,1
DA:138,21
DA:139,3
DA:143,18
DA:144,3
DA:152,15
DA:158,1
DA:159,12
DA:162,11
DA:164,11
DA:165,7
DA:173,4
DA:174,4
DA:175,0
DA:182,4
LF:62
LH:58
BRDA:13,0,0,3
BRDA:13,0,1,7
BRDA:15,1,0,2
BRDA:19,2,0,4
BRDA:19,3,0,8
BRDA:19,3,1,6
BRDA:28,4,0,0
BRDA:28,5,0,4
BRDA:28,5,1,1
BRDA:39,6,0,2
BRDA:39,7,0,6
BRDA:39,7,1,4
BRDA:44,8,0,1
BRDA:49,9,0,0
BRDA:49,9,1,3
BRDA:54,10,0,1
BRDA:56,11,0,1
BRDA:70,12,0,0
BRDA:82,13,0,1
BRDA:91,14,0,3
BRDA:91,15,0,8
BRDA:91,15,1,7
BRDA:96,16,0,0
BRDA:96,17,0,5
BRDA:96,17,1,2
BRDA:96,17,2,1
BRDA:96,17,3,0
BRDA:96,17,4,0
BRDA:101,18,0,3
BRDA:103,19,0,1
BRDA:103,19,1,2
BRDA:106,20,0,1
BRDA:123,21,0,3
BRDA:137,22,0,8
BRDA:138,23,0,3
BRDA:143,24,0,3
BRDA:164,25,0,7
BRDA:174,26,0,0
BRF:38
BRH:31
end_of_record
