TN:
SF:src\index.ts
FN:10,createMockServer
FN:43,(anonymous_5)
FN:49,(anonymous_6)
FNF:3
FNH:1
FNDA:1,createMockServer
FNDA:0,(anonymous_5)
FNDA:0,(anonymous_6)
DA:1,1
DA:10,1
DA:11,1
DA:15,1
DA:17,0
DA:36,0
DA:37,0
DA:43,0
DA:44,0
DA:45,0
DA:49,0
DA:50,0
DA:51,0
DA:55,1
DA:56,1
DA:57,1
DA:58,1
DA:59,1
DA:60,1
LF:19
LH:10
BRDA:10,0,0,0
BRDA:15,1,0,0
BRDA:36,2,0,0
BRDA:36,2,1,0
BRF:4
BRH:0
end_of_record
TN:
SF:src\errors\index.ts
FN:6,(anonymous_0)
FN:21,(anonymous_1)
FN:31,(anonymous_2)
FN:41,(anonymous_3)
FN:51,(anonymous_4)
FN:61,(anonymous_5)
FN:71,(anonymous_6)
FN:81,(anonymous_7)
FN:90,formatError
FNF:9
FNH:9
FNDA:114,(anonymous_0)
FNDA:1,(anonymous_1)
FNDA:4,(anonymous_2)
FNDA:3,(anonymous_3)
FNDA:1,(anonymous_4)
FNDA:2,(anonymous_5)
FNDA:3,(anonymous_6)
FNDA:98,(anonymous_7)
FNDA:5,formatError
DA:5,8
DA:8,114
DA:9,114
DA:11,114
DA:12,114
DA:13,114
DA:20,8
DA:22,1
DA:23,1
DA:30,8
DA:32,4
DA:33,4
DA:40,8
DA:42,3
DA:43,3
DA:50,8
DA:52,1
DA:53,1
DA:60,8
DA:62,2
DA:63,2
DA:70,8
DA:72,3
DA:73,3
DA:80,8
DA:82,98
DA:83,98
DA:90,8
DA:91,5
DA:92,4
DA:94,4
DA:95,4
DA:99,4
DA:100,1
DA:105,3
DA:106,1
DA:110,2
DA:111,1
DA:117,4
DA:120,1
LF:40
LH:40
BRDA:91,0,0,4
BRDA:94,1,0,4
BRDA:99,2,0,1
BRDA:99,2,1,3
BRDA:105,3,0,1
BRDA:105,3,1,2
BRDA:110,4,0,1
BRF:7
BRH:7
end_of_record
TN:
SF:src\generators\server.ts
FN:14,(anonymous_1)
FN:22,(anonymous_2)
FN:32,(anonymous_3)
FN:38,(anonymous_4)
FN:47,(anonymous_5)
FN:49,(anonymous_6)
FN:54,(anonymous_7)
FN:62,(anonymous_8)
FN:64,(anonymous_9)
FN:68,(anonymous_10)
FN:72,(anonymous_11)
FN:115,(anonymous_12)
FN:116,(anonymous_13)
FN:119,(anonymous_14)
FN:125,(anonymous_15)
FN:134,(anonymous_16)
FN:147,(anonymous_17)
FN:152,(anonymous_18)
FN:153,(anonymous_19)
FN:167,(anonymous_20)
FN:183,(anonymous_21)
FN:187,(anonymous_22)
FN:194,(anonymous_23)
FN:198,(anonymous_24)
FN:211,(anonymous_25)
FN:220,(anonymous_26)
FN:233,createMockServer
FNF:27
FNH:18
FNDA:2,(anonymous_1)
FNDA:2,(anonymous_2)
FNDA:2201,(anonymous_3)
FNDA:2201,(anonymous_4)
FNDA:2,(anonymous_5)
FNDA:4,(anonymous_6)
FNDA:0,(anonymous_7)
FNDA:4,(anonymous_8)
FNDA:2201,(anonymous_9)
FNDA:0,(anonymous_10)
FNDA:0,(anonymous_11)
FNDA:1,(anonymous_12)
FNDA:1,(anonymous_13)
FNDA:1,(anonymous_14)
FNDA:0,(anonymous_15)
FNDA:0,(anonymous_16)
FNDA:1,(anonymous_17)
FNDA:1,(anonymous_18)
FNDA:1,(anonymous_19)
FNDA:0,(anonymous_20)
FNDA:0,(anonymous_21)
FNDA:1,(anonymous_22)
FNDA:0,(anonymous_23)
FNDA:2,(anonymous_24)
FNDA:2151,(anonymous_25)
FNDA:50,(anonymous_26)
FNDA:0,createMockServer
DA:1,2
DA:2,2
DA:5,2
DA:6,2
DA:8,2
DA:12,2
DA:15,2
DA:16,2
DA:17,2
DA:18,2
DA:19,2
DA:24,2
DA:25,2
DA:29,2
DA:32,2
DA:33,2201
DA:34,2201
DA:39,2201
DA:40,2201
DA:42,2201
DA:43,1
DA:49,2
DA:50,4
DA:54,2
DA:55,0
DA:63,4
DA:64,4
DA:65,2201
DA:67,2201
DA:68,0
DA:72,2201
DA:73,0
DA:77,2201
DA:79,2201
DA:80,2201
DA:81,0
DA:83,0
DA:86,0
DA:89,0
DA:94,4
DA:96,2
DA:97,2
DA:99,2
DA:100,2
DA:102,0
DA:103,0
DA:105,0
DA:106,0
DA:108,0
DA:109,0
DA:111,0
DA:116,1
DA:117,1
DA:119,1
DA:120,1
DA:123,1
DA:124,0
DA:125,0
DA:126,0
DA:128,0
DA:131,1
DA:134,1
DA:135,0
DA:136,0
DA:138,0
DA:148,1
DA:149,0
DA:152,1
DA:153,1
DA:154,1
DA:155,0
DA:157,1
DA:158,1
DA:168,0
DA:170,0
DA:171,0
DA:172,0
DA:173,0
DA:174,0
DA:177,0
DA:184,0
DA:188,1
DA:195,0
DA:199,2
DA:200,2
DA:211,2151
DA:220,50
DA:229,2
DA:233,2
DA:234,0
LF:90
LH:57
BRDA:24,0,0,2
BRDA:39,1,0,2201
BRDA:39,1,1,0
BRDA:42,2,0,1
BRDA:63,3,0,4
BRDA:63,4,0,4
BRDA:63,5,0,4
BRDA:67,6,0,0
BRDA:77,7,0,2201
BRDA:77,7,1,0
BRDA:81,8,0,0
BRDA:81,8,1,0
BRDA:81,9,0,0
BRDA:81,9,1,0
BRDA:94,10,0,2
BRDA:94,10,1,2
BRDA:94,10,2,0
BRDA:94,10,3,0
BRDA:94,10,4,0
BRDA:94,10,5,0
BRDA:117,11,0,1
BRDA:117,11,1,0
BRDA:123,12,0,0
BRDA:135,13,0,0
BRDA:135,13,1,0
BRDA:148,14,0,0
BRDA:154,15,0,0
BRDA:154,15,1,1
BRDA:170,16,0,0
BRDA:184,17,0,0
BRDA:184,17,1,0
BRDA:198,18,0,0
BRDA:199,19,0,2
BRDA:199,19,1,0
BRF:34
BRH:12
end_of_record
TN:
SF:src\parsers\schema.ts
FN:11,(anonymous_0)
FN:35,(anonymous_1)
FN:74,(anonymous_2)
FN:110,(anonymous_3)
FN:156,(anonymous_4)
FN:187,(anonymous_5)
FN:191,(anonymous_6)
FN:218,(anonymous_7)
FNF:8
FNH:8
FNDA:17515,(anonymous_0)
FNDA:2,(anonymous_1)
FNDA:7,(anonymous_2)
FNDA:10913,(anonymous_3)
FNDA:1107,(anonymous_4)
FNDA:2159,(anonymous_5)
FNDA:1096,(anonymous_6)
FNDA:2198,(anonymous_7)
DA:2,4
DA:4,4
DA:12,17515
DA:13,3
DA:16,17512
DA:19,17512
DA:20,7
DA:24,17505
DA:25,1
DA:26,1
DA:29,17504
DA:30,1
DA:31,1
DA:34,17503
DA:35,1
DA:36,2
DA:37,2
DA:44,17502
DA:46,10913
DA:49,1107
DA:51,2159
DA:53,1096
DA:55,2198
DA:57,9
DA:59,20
DA:61,20
DA:62,20
DA:64,0
DA:76,7
DA:77,1
DA:78,1
DA:82,6
DA:83,1
DA:84,1
DA:88,5
DA:89,5
DA:92,5
DA:93,10
DA:94,9
DA:96,1
DA:104,4
DA:107,4
DA:111,10913
DA:112,1
DA:115,10912
DA:116,5405
DA:118,1098
DA:120,2152
DA:122,0
DA:124,0
DA:126,0
DA:128,1
DA:130,2154
DA:134,5507
DA:136,0
DA:137,0
DA:142,5507
DA:143,5507
DA:144,5507
DA:146,5507
DA:147,5507
DA:149,5507
DA:150,27575
DA:153,5507
DA:157,1107
DA:158,1107
DA:161,1107
DA:162,1
DA:163,1
DA:164,0
DA:165,0
DA:169,1107
DA:170,1
DA:171,1
DA:172,0
DA:173,0
DA:178,1107
DA:179,1
DA:180,1
DA:181,1
DA:184,1106
DA:188,2159
DA:192,1096
DA:193,1096
DA:194,1096
DA:196,1096
DA:197,0
DA:200,1096
DA:201,1096
DA:203,1096
DA:205,1
DA:206,1
DA:210,1095
DA:211,3280
DA:215,1096
DA:219,2198
DA:220,0
DA:223,2198
DA:224,2198
DA:225,2198
DA:228,2198
DA:230,15187
DA:231,11975
DA:236,2197
DA:237,0
DA:241,0
DA:242,0
DA:243,0
DA:244,0
DA:251,2197
LF:110
LH:93
BRDA:11,0,0,2231
BRDA:12,1,0,3
BRDA:16,2,0,17512
BRDA:16,2,1,2228
BRDA:19,3,0,7
BRDA:24,4,0,1
BRDA:24,5,0,17505
BRDA:24,5,1,1
BRDA:29,6,0,1
BRDA:29,7,0,17504
BRDA:29,7,1,1
BRDA:34,8,0,1
BRDA:34,9,0,17503
BRDA:34,9,1,1
BRDA:37,10,0,2
BRDA:37,10,1,0
BRDA:37,11,0,2
BRDA:37,11,1,2
BRDA:44,12,0,10913
BRDA:44,12,1,20
BRDA:44,12,2,1107
BRDA:44,12,3,2159
BRDA:44,12,4,1096
BRDA:44,12,5,2198
BRDA:44,12,6,9
BRDA:44,12,7,20
BRDA:59,13,0,20
BRDA:76,14,0,1
BRDA:82,15,0,1
BRDA:93,16,0,9
BRDA:93,16,1,1
BRDA:93,17,0,10
BRDA:93,17,1,10
BRDA:93,17,2,10
BRDA:111,18,0,1
BRDA:115,19,0,5405
BRDA:116,20,0,1098
BRDA:116,20,1,2152
BRDA:116,20,2,0
BRDA:116,20,3,0
BRDA:116,20,4,0
BRDA:116,20,5,1
BRDA:116,20,6,2154
BRDA:134,21,0,0
BRDA:136,22,0,0
BRDA:142,23,0,5507
BRDA:142,23,1,5506
BRDA:143,24,0,5507
BRDA:143,24,1,5506
BRDA:157,25,0,1090
BRDA:157,25,1,17
BRDA:158,26,0,1090
BRDA:158,26,1,17
BRDA:161,27,0,1
BRDA:162,28,0,1
BRDA:162,28,1,0
BRDA:162,29,0,1
BRDA:162,29,1,1
BRDA:164,30,0,0
BRDA:169,31,0,1
BRDA:170,32,0,1
BRDA:170,32,1,0
BRDA:170,33,0,1
BRDA:170,33,1,1
BRDA:172,34,0,0
BRDA:178,35,0,1
BRDA:191,36,0,0
BRDA:192,37,0,1096
BRDA:192,37,1,1
BRDA:193,38,0,1096
BRDA:193,38,1,1
BRDA:196,39,0,0
BRDA:201,40,0,1096
BRDA:201,40,1,0
BRDA:203,41,0,1
BRDA:203,41,1,1095
BRDA:218,42,0,0
BRDA:219,43,0,0
BRDA:224,44,0,2198
BRDA:224,44,1,0
BRDA:225,45,0,2198
BRDA:225,45,1,0
BRDA:230,46,0,11975
BRDA:230,47,0,15187
BRDA:230,47,1,6522
BRDA:236,48,0,0
BRDA:237,49,0,0
BRDA:237,49,1,0
BRDA:243,50,0,0
BRDA:244,51,0,0
BRDA:244,51,1,0
BRF:91
BRH:68
end_of_record
TN:
SF:src\utils\validation.ts
FN:12,validatePort
FN:48,validateFilePath
FN:124,validateFileExists
FN:133,validateSchema
FN:167,validateLogLevel
FN:184,sanitizeString
FN:210,validateProjectName
FNF:7
FNH:7
FNDA:35,validatePort
FNDA:31,validateFilePath
FNDA:2,validateFileExists
FNDA:16,validateSchema
FNDA:17,validateLogLevel
FNDA:47,sanitizeString
FNDA:22,validateProjectName
DA:5,3
DA:6,3
DA:7,3
DA:12,3
DA:14,35
DA:15,6
DA:18,29
DA:20,29
DA:21,6
DA:25,23
DA:26,1
DA:29,22
DA:30,12
DA:38,10
DA:39,0
DA:42,10
DA:48,3
DA:49,31
DA:50,2
DA:54,29
DA:55,5
DA:59,24
DA:60,4
DA:68,20
DA:80,20
DA:81,94
DA:82,17
DA:91,3
DA:92,3
DA:93,3
DA:94,13
DA:95,1
DA:104,2
DA:107,2
DA:108,0
DA:109,0
DA:110,0
DA:118,2
DA:124,3
DA:125,2
DA:126,1
DA:133,3
DA:134,16
DA:135,8
DA:139,8
DA:140,2
DA:148,6
DA:149,4
DA:150,4
DA:152,4
DA:153,6
DA:154,1
DA:167,3
DA:168,17
DA:170,17
DA:171,9
DA:178,8
DA:184,3
DA:185,47
DA:186,6
DA:190,41
DA:191,5
DA:199,36
DA:202,36
DA:204,36
DA:210,3
DA:211,22
DA:215,20
DA:217,20
DA:218,11
DA:226,9
DA:227,9
DA:228,0
DA:235,9
LF:74
LH:69
BRDA:14,0,0,6
BRDA:14,1,0,35
BRDA:14,1,1,30
BRDA:18,2,0,5
BRDA:18,2,1,24
BRDA:20,3,0,6
BRDA:20,4,0,29
BRDA:20,4,1,25
BRDA:25,5,0,1
BRDA:29,6,0,12
BRDA:29,7,0,22
BRDA:29,7,1,17
BRDA:38,8,0,0
BRDA:38,9,0,10
BRDA:38,9,1,4
BRDA:49,10,0,2
BRDA:49,11,0,31
BRDA:49,11,1,29
BRDA:54,12,0,5
BRDA:59,13,0,4
BRDA:81,14,0,17
BRDA:94,15,0,1
BRDA:94,16,0,13
BRDA:94,16,1,12
BRDA:107,17,0,0
BRDA:109,18,0,0
BRDA:125,19,0,1
BRDA:134,20,0,8
BRDA:134,21,0,16
BRDA:134,21,1,13
BRDA:134,21,2,9
BRDA:139,22,0,2
BRDA:139,23,0,8
BRDA:139,23,1,4
BRDA:139,23,2,3
BRDA:139,23,3,2
BRDA:139,23,4,2
BRDA:148,24,0,4
BRDA:150,25,0,1
BRDA:150,25,1,3
BRDA:153,26,0,1
BRDA:170,27,0,9
BRDA:184,28,0,22
BRDA:185,29,0,6
BRDA:190,30,0,5
BRDA:217,31,0,11
BRDA:227,32,0,0
BRF:47
BRH:43
end_of_record
TN:
SF:src\utils\watcher.ts
FN:9,(anonymous_1)
FN:17,(anonymous_2)
FN:34,(anonymous_3)
FN:38,(anonymous_4)
FN:58,(anonymous_5)
FN:73,(anonymous_6)
FN:85,(anonymous_7)
FN:92,(anonymous_8)
FN:100,createWatcher
FNF:9
FNH:6
FNDA:13,(anonymous_1)
FNDA:10,(anonymous_2)
FNDA:0,(anonymous_3)
FNDA:0,(anonymous_4)
FNDA:3,(anonymous_5)
FNDA:14,(anonymous_6)
FNDA:8,(anonymous_7)
FNDA:6,(anonymous_8)
FNDA:0,createWatcher
DA:1,2
DA:2,2
DA:3,2
DA:4,2
DA:9,2
DA:10,13
DA:11,13
DA:18,10
DA:19,1
DA:20,1
DA:23,9
DA:24,8
DA:33,8
DA:35,0
DA:36,0
DA:39,0
DA:40,0
DA:41,0
DA:49,9
DA:50,9
DA:51,9
DA:59,3
DA:60,1
DA:63,2
DA:64,2
DA:65,2
DA:66,2
DA:74,14
DA:75,8
DA:76,8
DA:77,8
DA:78,8
DA:86,8
DA:93,6
DA:100,2
DA:101,0
LF:36
LH:30
BRDA:18,0,0,1
BRDA:23,1,0,8
BRDA:39,2,0,0
BRDA:39,2,1,0
BRDA:59,3,0,1
BRDA:63,4,0,2
BRDA:74,5,0,8
BRF:7
BRH:5
end_of_record
